#
# A fatal error has been detected by the Java Runtime Environment:
#
#  SIGSEGV (0xb) at pc=0x00007f3587d8d729, pid=17223, tid=139867833198336
#
# JRE version: 6.0_24-b24
# Java VM: OpenJDK 64-Bit Server VM (20.0-b12 mixed mode linux-amd64 compressed oops)
# Derivative: IcedTea6 1.11.1
# Distribution: Ubuntu precise (development branch), package 6b24-1.11.1-4ubuntu2
# Problematic frame:
# V  [libjvm.so+0x4fb729]  jvmti_IsMethodSynthetic+0x149
#
# If you would like to submit a bug report, please include
# instructions how to reproduce the bug and visit:
#   https://bugs.launchpad.net/ubuntu/+source/openjdk-6/
#

---------------  T H R E A D  ---------------

Current thread (0x00007f35800a0000):  JavaThread "JDWP Transport Listener: dt_socket" daemon [_thread_in_vm, id=17238, stack(0x00007f3584736000,0x00007f3584837000)]

siginfo:si_signo=SIGSEGV: si_errno=0, si_code=128 (), si_addr=0x0000000000000000

Registers:
RAX=0x00007f3588438f2a, RBX=0x00007f35800a0000, RCX=0x00007f358904f2c0, RDX=0x00007f35884247f0
RSP=0x00007f3584835a20, RBP=0x00007f3584835a80, RSI=0x00007f35800a0000, RDI=0x00007f3580005420
R8 =0x0000000000000018, R9 =0x000000000000000a, R10=0x0000000000000000, R11=0x00007f35887f1f90
R12=0x00007f3580005420, R13=0x547a7800000000ba, R14=0x00007f3584835aef, R15=0x0000000000000063
RIP=0x00007f3587d8d729, EFLAGS=0x0000000000010202, CSGSFS=0x0000000000000033, ERR=0x0000000000000000
  TRAPNO=0x000000000000000d

Top of Stack: (sp=0x00007f3584835a20)
0x00007f3584835a20:   00007f35800a0000 0000000000000000
0x00007f3584835a30:   00007f3500000000 0000000000000000
0x00007f3584835a40:   00007f35800a0000 00007f358681c986
0x00007f3584835a50:   00007f3584835ba0 00007f3584835aef
0x00007f3584835a60:   00007f3586a3ae80 00007f356401003b
0x00007f3584835a70:   0000000000000002 0000000000000001
0x00007f3584835a80:   00007f3584835ab0 00007f3586826af0
0x00007f3584835a90:   00007f3584835ab0 00007f3584835ba0
0x00007f3584835aa0:   00007f356401003b 0000000000000010
0x00007f3584835ab0:   00007f3584835b20 00007f358680703c
0x00007f3584835ac0:   00007f356400c0b0 0000000000000000
0x00007f3584835ad0:   0000000000000000 0000000000000000
0x00007f3584835ae0:   0000000384835b00 00007f350000000a
0x00007f3584835af0:   000000000000000f 0000000000000002
0x00007f3584835b00:   000000000000000f 0000000000000000
0x00007f3584835b10:   0000000000000002 000000000000000f
0x00007f3584835b20:   00007f3584835d60 00007f3586811630
0x00007f3584835b30:   0000134400000013 00007f35640f0200
0x00007f3584835b40:   00007f355c000ba0 00007f3587dfa384
0x00007f3584835b50:   00007f355c000ba8 000000000000000b
0x00007f3584835b60:   0000134400000013 00007f35640f0200
0x00007f3584835b70:   00007f355c000ba0 00007f35640030e0
0x00007f3584835b80:   0000134400000013 00007f35640f0200
0x00007f3584835b90:   00007f355c000ba0 00007f3588e42e18
0x00007f3584835ba0:   00007f3584835c4f 00007f35000000cd
0x00007f3584835bb0:   00007f3584835bb8 000000000000005f
0x00007f3584835bc0:   00007f3584835bf0 0000000000000000
0x00007f3584835bd0:   00007f0000000000 000013440000001c
0x00007f3584835be0:   0000000000000080 00007f3584835bf0
0x00007f3584835bf0:   357f000003000000 06000000300c0064
0x00007f3584835c00:   00003e74696e693c 0000005629280300
0x00007f3584835c10:   7f00000100000000 000000580c006435 

Instructions: (pc=0x00007f3587d8d729)
0x00007f3587d8d709:   ef ff ff e9 0d ff ff ff 4d 85 ed 74 a6 48 8b 05
0x00007f3587d8d719:   a3 3b 68 00 80 38 00 74 4f 48 8b 15 1f 00 68 00
0x00007f3587d8d729:   41 8b 45 08 8b 4a 08 48 d3 e0 48 03 02 48 8d 78
0x00007f3587d8d739:   10 48 8b 40 10 ff 90 20 01 00 00 84 c0 0f 84 70 

Register to memory mapping:

RAX=0x00007f3588438f2a: <offset 0xba6f2a> in /usr/lib/jvm/java-6-openjdk-amd64/jre/lib/amd64/server/libjvm.so at 0x00007f3587892000
RBX=0x00007f35800a0000 is a thread
RCX=0x00007f358904f2c0: <offset 0x2182c0> in /lib/x86_64-linux-gnu/libpthread.so.0 at 0x00007f3588e37000
RDX=0x00007f35884247f0: <offset 0xb927f0> in /usr/lib/jvm/java-6-openjdk-amd64/jre/lib/amd64/server/libjvm.so at 0x00007f3587892000
RSP=0x00007f3584835a20 is pointing into the stack for thread: 0x00007f35800a0000
RBP=0x00007f3584835a80 is pointing into the stack for thread: 0x00007f35800a0000
RSI=0x00007f35800a0000 is a thread
RDI=0x00007f3580005420 is an unknown value
R8 =0x0000000000000018 is an unknown value
R9 =0x000000000000000a is an unknown value
R10=0x0000000000000000 is an unknown value
R11=0x00007f35887f1f90: <offset 0x180f90> in /lib/x86_64-linux-gnu/libc.so.6 at 0x00007f3588671000
R12=0x00007f3580005420 is an unknown value
R13=0x547a7800000000ba is an unknown value
R14=0x00007f3584835aef is pointing into the stack for thread: 0x00007f35800a0000
R15=0x0000000000000063 is an unknown value


Stack: [0x00007f3584736000,0x00007f3584837000],  sp=0x00007f3584835a20,  free space=1022k
Native frames: (J=compiled Java code, j=interpreted, Vv=VM code, C=native code)
V  [libjvm.so+0x4fb729]  jvmti_IsMethodSynthetic+0x149
C  [libjdwp.so+0x26af0]  Agent_OnLoad+0x17da0
C  [libjdwp.so+0x703c]  __strcat_chk+0x703c
C  [libjdwp.so+0x11630]  Agent_OnLoad+0x28e0
C  [libjdwp.so+0x236fe]  Agent_OnLoad+0x149ae
V  [libjvm.so+0x565047]  JvmtiAgentThread::call_start_function()+0x97
V  [libjvm.so+0x74bd48]  JavaThread::thread_main_inner()+0x58
V  [libjvm.so+0x64bcb2]  java_start(Thread*)+0x112


---------------  P R O C E S S  ---------------

Java Threads: ( => current thread )
  0x00007f35800ab000 JavaThread "Low Memory Detector" daemon [_thread_blocked, id=17247, stack(0x00007f3584231000,0x00007f3584332000)]
  0x00007f35800a9000 JavaThread "C2 CompilerThread1" daemon [_thread_blocked, id=17246, stack(0x00007f3584332000,0x00007f3584433000)]
  0x00007f35800a6000 JavaThread "C2 CompilerThread0" daemon [_thread_blocked, id=17245, stack(0x00007f3584433000,0x00007f3584534000)]
  0x00007f3564001000 JavaThread "JDWP Command Reader" daemon [_thread_in_native, id=17241, stack(0x00007f3584534000,0x00007f3584635000)]
  0x00007f35800a3800 JavaThread "JDWP Event Helper Thread" daemon [_thread_blocked, id=17240, stack(0x00007f3584635000,0x00007f3584736000)]
=>0x00007f35800a0000 JavaThread "JDWP Transport Listener: dt_socket" daemon [_thread_in_vm, id=17238, stack(0x00007f3584736000,0x00007f3584837000)]
  0x00007f3580088000 JavaThread "Signal Dispatcher" daemon [_thread_blocked, id=17236, stack(0x00007f3584a3c000,0x00007f3584b3d000)]
  0x00007f3580076800 JavaThread "Finalizer" daemon [_thread_blocked, id=17234, stack(0x00007f3584b3d000,0x00007f3584c3e000)]
  0x00007f3580074800 JavaThread "Reference Handler" daemon [_thread_blocked, id=17233, stack(0x00007f3584c3e000,0x00007f3584d3f000)]
  0x00007f358000a000 JavaThread "main" [_thread_blocked, id=17228, stack(0x00007f358914f000,0x00007f3589250000)]

Other Threads:
  0x00007f358006e000 VMThread [stack: 0x00007f3584d3f000,0x00007f3584e40000] [id=17232]
  0x00007f35800ae000 WatcherThread [stack: 0x00007f3584130000,0x00007f3584231000] [id=17248]

VM state:not at safepoint (normal execution)

VM Mutex/Monitor currently owned by a thread: None

Heap
 PSYoungGen      total 17728K, used 609K [0x00000000ec360000, 0x00000000ed720000, 0x0000000100000000)
  eden space 15232K, 4% used [0x00000000ec360000,0x00000000ec3f8540,0x00000000ed240000)
  from space 2496K, 0% used [0x00000000ed4b0000,0x00000000ed4b0000,0x00000000ed720000)
  to   space 2496K, 0% used [0x00000000ed240000,0x00000000ed240000,0x00000000ed4b0000)
 PSOldGen        total 40576K, used 0K [0x00000000c4a00000, 0x00000000c71a0000, 0x00000000ec360000)
  object space 40576K, 0% used [0x00000000c4a00000,0x00000000c4a00000,0x00000000c71a0000)
 PSPermGen       total 21248K, used 2788K [0x00000000ba400000, 0x00000000bb8c0000, 0x00000000c4a00000)
  object space 21248K, 13% used [0x00000000ba400000,0x00000000ba6b9198,0x00000000bb8c0000)

Code Cache  [0x00007f357d000000, 0x00007f357d270000, 0x00007f3580000000)
 total_blobs=143 nmethods=0 adapters=119 free_code_cache=49956736 largest_free_block=384

Dynamic libraries:
00400000-00409000 r-xp 00000000 07:00 996562                             /usr/lib/jvm/java-6-openjdk-amd64/jre/bin/java
00608000-00609000 r--p 00008000 07:00 996562                             /usr/lib/jvm/java-6-openjdk-amd64/jre/bin/java
00609000-0060a000 rw-p 00009000 07:00 996562                             /usr/lib/jvm/java-6-openjdk-amd64/jre/bin/java
01245000-01266000 rw-p 00000000 00:00 0                                  [heap]
ba400000-bb8c0000 rw-p 00000000 00:00 0 
bb8c0000-c4a00000 rw-p 00000000 00:00 0 
c4a00000-c71a0000 rw-p 00000000 00:00 0 
c71a0000-ec360000 rw-p 00000000 00:00 0 
ec360000-ed720000 rw-p 00000000 00:00 0 
ed720000-100000000 rw-p 00000000 00:00 0 
7f3540000000-7f3540021000 rw-p 00000000 00:00 0 
7f3540021000-7f3544000000 ---p 00000000 00:00 0 
7f3548000000-7f3548021000 rw-p 00000000 00:00 0 
7f3548021000-7f354c000000 ---p 00000000 00:00 0 
7f3550000000-7f3550021000 rw-p 00000000 00:00 0 
7f3550021000-7f3554000000 ---p 00000000 00:00 0 
7f3554000000-7f3554021000 rw-p 00000000 00:00 0 
7f3554021000-7f3558000000 ---p 00000000 00:00 0 
7f3558000000-7f3558021000 rw-p 00000000 00:00 0 
7f3558021000-7f355c000000 ---p 00000000 00:00 0 
7f355c000000-7f355c021000 rw-p 00000000 00:00 0 
7f355c021000-7f3560000000 ---p 00000000 00:00 0 
7f3560000000-7f3560021000 rw-p 00000000 00:00 0 
7f3560021000-7f3564000000 ---p 00000000 00:00 0 
7f3564000000-7f3564033000 rw-p 00000000 00:00 0 
7f3564033000-7f3568000000 ---p 00000000 00:00 0 
7f3568000000-7f3568021000 rw-p 00000000 00:00 0 
7f3568021000-7f356c000000 ---p 00000000 00:00 0 
7f356c000000-7f356c021000 rw-p 00000000 00:00 0 
7f356c021000-7f3570000000 ---p 00000000 00:00 0 
7f3570000000-7f3570021000 rw-p 00000000 00:00 0 
7f3570021000-7f3574000000 ---p 00000000 00:00 0 
7f3574000000-7f3574021000 rw-p 00000000 00:00 0 
7f3574021000-7f3578000000 ---p 00000000 00:00 0 
7f3578000000-7f3578021000 rw-p 00000000 00:00 0 
7f3578021000-7f357c000000 ---p 00000000 00:00 0 
7f357d000000-7f357d270000 rwxp 00000000 00:00 0 
7f357d270000-7f35800d5000 rw-p 00000000 00:00 0 
7f35800d5000-7f3584000000 ---p 00000000 00:00 0 
7f3584130000-7f3584131000 ---p 00000000 00:00 0 
7f3584131000-7f3584231000 rw-p 00000000 00:00 0 
7f3584231000-7f3584234000 ---p 00000000 00:00 0 
7f3584234000-7f3584332000 rw-p 00000000 00:00 0 
7f3584332000-7f3584335000 ---p 00000000 00:00 0 
7f3584335000-7f3584433000 rw-p 00000000 00:00 0 
7f3584433000-7f3584436000 ---p 00000000 00:00 0 
7f3584436000-7f3584534000 rw-p 00000000 00:00 0 
7f3584534000-7f3584537000 ---p 00000000 00:00 0 
7f3584537000-7f3584635000 rw-p 00000000 00:00 0 
7f3584635000-7f3584638000 ---p 00000000 00:00 0 
7f3584638000-7f3584736000 rw-p 00000000 00:00 0 
7f3584736000-7f3584739000 ---p 00000000 00:00 0 
7f3584739000-7f3584837000 rw-p 00000000 00:00 0 
7f3584837000-7f358483b000 r-xp 00000000 07:00 996634                     /usr/lib/jvm/java-6-openjdk-amd64/jre/lib/amd64/libdt_socket.so
7f358483b000-7f3584a3a000 ---p 00004000 07:00 996634                     /usr/lib/jvm/java-6-openjdk-amd64/jre/lib/amd64/libdt_socket.so
7f3584a3a000-7f3584a3b000 r--p 00003000 07:00 996634                     /usr/lib/jvm/java-6-openjdk-amd64/jre/lib/amd64/libdt_socket.so
7f3584a3b000-7f3584a3c000 rw-p 00004000 07:00 996634                     /usr/lib/jvm/java-6-openjdk-amd64/jre/lib/amd64/libdt_socket.so
7f3584a3c000-7f3584a3f000 ---p 00000000 00:00 0 
7f3584a3f000-7f3584b3d000 rw-p 00000000 00:00 0 
7f3584b3d000-7f3584b40000 ---p 00000000 00:00 0 
7f3584b40000-7f3584c3e000 rw-p 00000000 00:00 0 
7f3584c3e000-7f3584c41000 ---p 00000000 00:00 0 
7f3584c41000-7f3584d3f000 rw-p 00000000 00:00 0 
7f3584d3f000-7f3584d40000 ---p 00000000 00:00 0 
7f3584d40000-7f3585176000 rw-p 00000000 00:00 0 
7f3585176000-7f3585306000 r--s 037ba000 07:00 996595                     /usr/lib/jvm/java-6-openjdk-amd64/jre/lib/rt.jar
7f3585306000-7f358532e000 rw-p 00000000 00:00 0 
7f358532e000-7f358532f000 ---p 00000000 00:00 0 
7f358532f000-7f358542f000 rw-p 00000000 00:00 0 
7f358542f000-7f3585430000 ---p 00000000 00:00 0 
7f3585430000-7f358553b000 rw-p 00000000 00:00 0 
7f358553b000-7f3585583000 rw-p 00000000 00:00 0 
7f3585583000-7f3585597000 rw-p 00000000 00:00 0 
7f3585597000-7f35856c0000 rw-p 00000000 00:00 0 
7f35856c0000-7f35856cb000 rw-p 00000000 00:00 0 
7f35856cb000-7f3585713000 rw-p 00000000 00:00 0 
7f3585713000-7f3585727000 rw-p 00000000 00:00 0 
7f3585727000-7f358584f000 rw-p 00000000 00:00 0 
7f358584f000-7f358585a000 rw-p 00000000 00:00 0 
7f358585a000-7f35858ee000 rw-p 00000000 00:00 0 
7f35858ee000-7f35858ef000 rw-p 00000000 00:00 0 
7f35858ef000-7f35858f6000 r-xp 00000000 07:00 996609                     /usr/lib/jvm/java-6-openjdk-amd64/jre/lib/amd64/libzip.so
7f35858f6000-7f3585af5000 ---p 00007000 07:00 996609                     /usr/lib/jvm/java-6-openjdk-amd64/jre/lib/amd64/libzip.so
7f3585af5000-7f3585af6000 r--p 00006000 07:00 996609                     /usr/lib/jvm/java-6-openjdk-amd64/jre/lib/amd64/libzip.so
7f3585af6000-7f3585af7000 rw-p 00007000 07:00 996609                     /usr/lib/jvm/java-6-openjdk-amd64/jre/lib/amd64/libzip.so
7f3585af7000-7f3585b03000 r-xp 00000000 07:00 206018                     /lib/x86_64-linux-gnu/libnss_files-2.15.so
7f3585b03000-7f3585d02000 ---p 0000c000 07:00 206018                     /lib/x86_64-linux-gnu/libnss_files-2.15.so
7f3585d02000-7f3585d03000 r--p 0000b000 07:00 206018                     /lib/x86_64-linux-gnu/libnss_files-2.15.so
7f3585d03000-7f3585d04000 rw-p 0000c000 07:00 206018                     /lib/x86_64-linux-gnu/libnss_files-2.15.so
7f3585d04000-7f3585d0e000 r-xp 00000000 07:00 206023                     /lib/x86_64-linux-gnu/libnss_nis-2.15.so
7f3585d0e000-7f3585f0e000 ---p 0000a000 07:00 206023                     /lib/x86_64-linux-gnu/libnss_nis-2.15.so
7f3585f0e000-7f3585f0f000 r--p 0000a000 07:00 206023                     /lib/x86_64-linux-gnu/libnss_nis-2.15.so
7f3585f0f000-7f3585f10000 rw-p 0000b000 07:00 206023                     /lib/x86_64-linux-gnu/libnss_nis-2.15.so
7f3585f10000-7f3585f27000 r-xp 00000000 07:00 205926                     /lib/x86_64-linux-gnu/libnsl-2.15.so
7f3585f27000-7f3586126000 ---p 00017000 07:00 205926                     /lib/x86_64-linux-gnu/libnsl-2.15.so
7f3586126000-7f3586127000 r--p 00016000 07:00 205926                     /lib/x86_64-linux-gnu/libnsl-2.15.so
7f3586127000-7f3586128000 rw-p 00017000 07:00 205926                     /lib/x86_64-linux-gnu/libnsl-2.15.so
7f3586128000-7f358612a000 rw-p 00000000 00:00 0 
7f358612a000-7f3586132000 r-xp 00000000 07:00 205866                     /lib/x86_64-linux-gnu/libnss_compat-2.15.so
7f3586132000-7f3586331000 ---p 00008000 07:00 205866                     /lib/x86_64-linux-gnu/libnss_compat-2.15.so
7f3586331000-7f3586332000 r--p 00007000 07:00 205866                     /lib/x86_64-linux-gnu/libnss_compat-2.15.so
7f3586332000-7f3586333000 rw-p 00008000 07:00 205866                     /lib/x86_64-linux-gnu/libnss_compat-2.15.so
7f3586333000-7f35865fc000 r--p 00000000 07:00 1788929                    /usr/lib/locale/locale-archive
7f35865fc000-7f35865ff000 r-xp 00000000 07:00 996603                     /usr/lib/jvm/java-6-openjdk-amd64/jre/lib/amd64/libnpt.so
7f35865ff000-7f35867fe000 ---p 00003000 07:00 996603                     /usr/lib/jvm/java-6-openjdk-amd64/jre/lib/amd64/libnpt.so
7f35867fe000-7f35867ff000 r--p 00002000 07:00 996603                     /usr/lib/jvm/java-6-openjdk-amd64/jre/lib/amd64/libnpt.so
7f35867ff000-7f3586800000 rw-p 00003000 07:00 996603                     /usr/lib/jvm/java-6-openjdk-amd64/jre/lib/amd64/libnpt.so
7f3586800000-7f358683a000 r-xp 00000000 07:00 996635                     /usr/lib/jvm/java-6-openjdk-amd64/jre/lib/amd64/libjdwp.so
7f358683a000-7f3586a39000 ---p 0003a000 07:00 996635                     /usr/lib/jvm/java-6-openjdk-amd64/jre/lib/amd64/libjdwp.so
7f3586a39000-7f3586a3a000 r--p 00039000 07:00 996635                     /usr/lib/jvm/java-6-openjdk-amd64/jre/lib/amd64/libjdwp.so
7f3586a3a000-7f3586a3b000 rw-p 0003a000 07:00 996635                     /usr/lib/jvm/java-6-openjdk-amd64/jre/lib/amd64/libjdwp.so
7f3586a3b000-7f3586a67000 r-xp 00000000 07:00 996604                     /usr/lib/jvm/java-6-openjdk-amd64/jre/lib/amd64/libjava.so
7f3586a67000-7f3586c66000 ---p 0002c000 07:00 996604                     /usr/lib/jvm/java-6-openjdk-amd64/jre/lib/amd64/libjava.so
7f3586c66000-7f3586c67000 r--p 0002b000 07:00 996604                     /usr/lib/jvm/java-6-openjdk-amd64/jre/lib/amd64/libjava.so
7f3586c67000-7f3586c6a000 rw-p 0002c000 07:00 996604                     /usr/lib/jvm/java-6-openjdk-amd64/jre/lib/amd64/libjava.so
7f3586c6a000-7f3586c78000 r-xp 00000000 07:00 996629                     /usr/lib/jvm/java-6-openjdk-amd64/jre/lib/amd64/libverify.so
7f3586c78000-7f3586e77000 ---p 0000e000 07:00 996629                     /usr/lib/jvm/java-6-openjdk-amd64/jre/lib/amd64/libverify.so
7f3586e77000-7f3586e79000 r--p 0000d000 07:00 996629                     /usr/lib/jvm/java-6-openjdk-amd64/jre/lib/amd64/libverify.so
7f3586e79000-7f3586e7a000 rw-p 0000f000 07:00 996629                     /usr/lib/jvm/java-6-openjdk-amd64/jre/lib/amd64/libverify.so
7f3586e7a000-7f3586e81000 r-xp 00000000 07:00 205890                     /lib/x86_64-linux-gnu/librt-2.15.so
7f3586e81000-7f3587080000 ---p 00007000 07:00 205890                     /lib/x86_64-linux-gnu/librt-2.15.so
7f3587080000-7f3587081000 r--p 00006000 07:00 205890                     /lib/x86_64-linux-gnu/librt-2.15.so
7f3587081000-7f3587082000 rw-p 00007000 07:00 205890                     /lib/x86_64-linux-gnu/librt-2.15.so
7f3587082000-7f3587097000 r-xp 00000000 07:00 205899                     /lib/x86_64-linux-gnu/libgcc_s.so.1
7f3587097000-7f3587296000 ---p 00015000 07:00 205899                     /lib/x86_64-linux-gnu/libgcc_s.so.1
7f3587296000-7f3587297000 r--p 00014000 07:00 205899                     /lib/x86_64-linux-gnu/libgcc_s.so.1
7f3587297000-7f3587298000 rw-p 00015000 07:00 205899                     /lib/x86_64-linux-gnu/libgcc_s.so.1
7f3587298000-7f3587391000 r-xp 00000000 07:00 205902                     /lib/x86_64-linux-gnu/libm-2.15.so
7f3587391000-7f3587590000 ---p 000f9000 07:00 205902                     /lib/x86_64-linux-gnu/libm-2.15.so
7f3587590000-7f3587591000 r--p 000f8000 07:00 205902                     /lib/x86_64-linux-gnu/libm-2.15.so
7f3587591000-7f3587592000 rw-p 000f9000 07:00 205902                     /lib/x86_64-linux-gnu/libm-2.15.so
7f3587592000-7f3587674000 r-xp 00000000 07:00 164551                     /usr/lib/x86_64-linux-gnu/libstdc++.so.6.0.16
7f3587674000-7f3587873000 ---p 000e2000 07:00 164551                     /usr/lib/x86_64-linux-gnu/libstdc++.so.6.0.16
7f3587873000-7f358787b000 r--p 000e1000 07:00 164551                     /usr/lib/x86_64-linux-gnu/libstdc++.so.6.0.16
7f358787b000-7f358787d000 rw-p 000e9000 07:00 164551                     /usr/lib/x86_64-linux-gnu/libstdc++.so.6.0.16
7f358787d000-7f3587892000 rw-p 00000000 00:00 0 
7f3587892000-7f3588196000 r-xp 00000000 07:00 996620                     /usr/lib/jvm/java-6-openjdk-amd64/jre/lib/amd64/server/libjvm.so
7f3588196000-7f3588395000 ---p 00904000 07:00 996620                     /usr/lib/jvm/java-6-openjdk-amd64/jre/lib/amd64/server/libjvm.so
7f3588395000-7f3588416000 r--p 00903000 07:00 996620                     /usr/lib/jvm/java-6-openjdk-amd64/jre/lib/amd64/server/libjvm.so
7f3588416000-7f3588431000 rw-p 00984000 07:00 996620                     /usr/lib/jvm/java-6-openjdk-amd64/jre/lib/amd64/server/libjvm.so
7f3588431000-7f358845a000 rw-p 00000000 00:00 0 
7f358845a000-7f3588470000 r-xp 00000000 07:00 205925                     /lib/x86_64-linux-gnu/libz.so.1.2.3.4
7f3588470000-7f358866f000 ---p 00016000 07:00 205925                     /lib/x86_64-linux-gnu/libz.so.1.2.3.4
7f358866f000-7f3588670000 r--p 00015000 07:00 205925                     /lib/x86_64-linux-gnu/libz.so.1.2.3.4
7f3588670000-7f3588671000 rw-p 00016000 07:00 205925                     /lib/x86_64-linux-gnu/libz.so.1.2.3.4
7f3588671000-7f3588824000 r-xp 00000000 07:00 206039                     /lib/x86_64-linux-gnu/libc-2.15.so
7f3588824000-7f3588a23000 ---p 001b3000 07:00 206039                     /lib/x86_64-linux-gnu/libc-2.15.so
7f3588a23000-7f3588a27000 r--p 001b2000 07:00 206039                     /lib/x86_64-linux-gnu/libc-2.15.so
7f3588a27000-7f3588a29000 rw-p 001b6000 07:00 206039                     /lib/x86_64-linux-gnu/libc-2.15.so
7f3588a29000-7f3588a2e000 rw-p 00000000 00:00 0 
7f3588a2e000-7f3588a30000 r-xp 00000000 07:00 205953                     /lib/x86_64-linux-gnu/libdl-2.15.so
7f3588a30000-7f3588c30000 ---p 00002000 07:00 205953                     /lib/x86_64-linux-gnu/libdl-2.15.so
7f3588c30000-7f3588c31000 r--p 00002000 07:00 205953                     /lib/x86_64-linux-gnu/libdl-2.15.so
7f3588c31000-7f3588c32000 rw-p 00003000 07:00 205953                     /lib/x86_64-linux-gnu/libdl-2.15.so
7f3588c32000-7f3588c36000 r-xp 00000000 07:00 996613                     /usr/lib/jvm/java-6-openjdk-amd64/jre/lib/amd64/jli/libjli.so
7f3588c36000-7f3588e35000 ---p 00004000 07:00 996613                     /usr/lib/jvm/java-6-openjdk-amd64/jre/lib/amd64/jli/libjli.so
7f3588e35000-7f3588e36000 r--p 00003000 07:00 996613                     /usr/lib/jvm/java-6-openjdk-amd64/jre/lib/amd64/jli/libjli.so
7f3588e36000-7f3588e37000 rw-p 00004000 07:00 996613                     /usr/lib/jvm/java-6-openjdk-amd64/jre/lib/amd64/jli/libjli.so
7f3588e37000-7f3588e4f000 r-xp 00000000 07:00 205900                     /lib/x86_64-linux-gnu/libpthread-2.15.so
7f3588e4f000-7f358904e000 ---p 00018000 07:00 205900                     /lib/x86_64-linux-gnu/libpthread-2.15.so
7f358904e000-7f358904f000 r--p 00017000 07:00 205900                     /lib/x86_64-linux-gnu/libpthread-2.15.so
7f358904f000-7f3589050000 rw-p 00018000 07:00 205900                     /lib/x86_64-linux-gnu/libpthread-2.15.so
7f3589050000-7f3589054000 rw-p 00000000 00:00 0 
7f3589054000-7f3589076000 r-xp 00000000 07:00 205873                     /lib/x86_64-linux-gnu/ld-2.15.so
7f358907b000-7f358908f000 r--s 001bd000 07:00 997382                     /usr/lib/jvm/java-6-openjdk-amd64/jre/lib/ext/jai_core.jar
7f358908f000-7f3589099000 rw-p 00000000 00:00 0 
7f3589099000-7f358914f000 rw-p 00000000 00:00 0 
7f358914f000-7f3589152000 ---p 00000000 00:00 0 
7f3589152000-7f3589255000 rw-p 00000000 00:00 0 
7f358925e000-7f358925f000 r--s 00007000 07:00 250303                     /usr/share/java/java-atk-wrapper.jar
7f358925f000-7f3589261000 r--s 0000f000 07:00 993393                     /usr/lib/jvm/java-6-openjdk-common/jre/lib/ext/pulse-java.jar
7f3589261000-7f3589265000 r--s 0003c000 07:00 997383                     /usr/lib/jvm/java-6-openjdk-amd64/jre/lib/ext/jai_codec.jar
7f3589265000-7f3589267000 r--s 0000a000 07:00 997384                     /usr/lib/jvm/java-6-openjdk-amd64/jre/lib/ext/mlibwrapper_jai.jar
7f3589267000-7f358926a000 r--s 00031000 07:00 993392                     /usr/lib/jvm/java-6-openjdk-common/jre/lib/ext/sunjce_provider.jar
7f358926a000-7f3589272000 rw-s 00000000 07:00 3613719                    /tmp/hsperfdata_mawandm/17223
7f3589272000-7f3589273000 rw-p 00000000 00:00 0 
7f3589273000-7f3589274000 r--p 00000000 00:00 0 
7f3589274000-7f3589276000 rw-p 00000000 00:00 0 
7f3589276000-7f3589277000 r--p 00022000 07:00 205873                     /lib/x86_64-linux-gnu/ld-2.15.so
7f3589277000-7f3589279000 rw-p 00023000 07:00 205873                     /lib/x86_64-linux-gnu/ld-2.15.so
7fff41484000-7fff414a5000 rw-p 00000000 00:00 0                          [stack]
7fff415ff000-7fff41600000 r-xp 00000000 00:00 0                          [vdso]
ffffffffff600000-ffffffffff601000 r-xp 00000000 00:00 0                  [vsyscall]

VM Arguments:
jvm_args: -agentlib:jdwp=transport=dt_socket,suspend=y,address=localhost:40694 -Ddebug -Dfile.encoding=UTF-8 
java_command: org.kiboel.Main
Launcher Type: SUN_STANDARD

Environment Variables:
JAVA_HOME=/usr
PATH=/home/mawandm/bin:/usr/lib/lightdm/lightdm:/usr/local/sbin:/usr/local/bin:/usr/sbin:/usr/bin:/sbin:/bin:/usr/games
LD_LIBRARY_PATH=/usr/lib/jvm/java-6-openjdk-amd64/jre/lib/amd64/server:/usr/lib/jvm/java-6-openjdk-amd64/jre/lib/amd64:/usr/lib/jvm/java-6-openjdk-amd64/jre/../lib/amd64
SHELL=/bin/bash
DISPLAY=:0

Signal Handlers:
SIGSEGV: [libjvm.so+0x783f70], sa_mask[0]=0x7ffbfeff, sa_flags=0x10000004
SIGBUS: [libjvm.so+0x783f70], sa_mask[0]=0x7ffbfeff, sa_flags=0x10000004
SIGFPE: [libjvm.so+0x648640], sa_mask[0]=0x7ffbfeff, sa_flags=0x10000004
SIGPIPE: [libjvm.so+0x648640], sa_mask[0]=0x7ffbfeff, sa_flags=0x10000004
SIGXFSZ: [libjvm.so+0x648640], sa_mask[0]=0x7ffbfeff, sa_flags=0x10000004
SIGILL: [libjvm.so+0x648640], sa_mask[0]=0x7ffbfeff, sa_flags=0x10000004
SIGUSR1: SIG_DFL, sa_mask[0]=0x00000000, sa_flags=0x00000000
SIGUSR2: [libjvm.so+0x6487f0], sa_mask[0]=0x00000004, sa_flags=0x10000004
SIGHUP: [libjvm.so+0x64b310], sa_mask[0]=0x7ffbfeff, sa_flags=0x10000004
SIGINT: [libjvm.so+0x64b310], sa_mask[0]=0x7ffbfeff, sa_flags=0x10000004
SIGTERM: [libjvm.so+0x64b310], sa_mask[0]=0x7ffbfeff, sa_flags=0x10000004
SIGQUIT: [libjvm.so+0x64b310], sa_mask[0]=0x7ffbfeff, sa_flags=0x10000004


---------------  S Y S T E M  ---------------

OS:Ubuntu 12.04 (precise)
uname:Linux 3.2.0-23-generic #36-Ubuntu SMP Tue Apr 10 20:39:51 UTC 2012 x86_64
libc:glibc 2.15 NPTL 2.15 
rlimit: STACK 8192k, CORE 0k, NPROC 30232, NOFILE 4096, AS infinity
load average:2.29 1.18 0.85

/proc/meminfo:
MemTotal:        3887304 kB
MemFree:          163716 kB
Buffers:          494276 kB
Cached:           680816 kB
SwapCached:         6496 kB
Active:          2229272 kB
Inactive:        1181176 kB
Active(anon):    1776596 kB
Inactive(anon):   673108 kB
Active(file):     452676 kB
Inactive(file):   508068 kB
Unevictable:        2704 kB
Mlocked:              36 kB
SwapTotal:        262140 kB
SwapFree:         111296 kB
Dirty:              2624 kB
Writeback:             0 kB
AnonPages:       2231784 kB
Mapped:            97600 kB
Shmem:            211568 kB
Slab:             192680 kB
SReclaimable:     132172 kB
SUnreclaim:        60508 kB
KernelStack:        4912 kB
PageTables:        46060 kB
NFS_Unstable:          0 kB
Bounce:                0 kB
WritebackTmp:          0 kB
CommitLimit:     2205792 kB
Committed_AS:    6113580 kB
VmallocTotal:   34359738367 kB
VmallocUsed:      555292 kB
VmallocChunk:   34359113552 kB
HardwareCorrupted:     0 kB
AnonHugePages:         0 kB
HugePages_Total:       0
HugePages_Free:        0
HugePages_Rsvd:        0
HugePages_Surp:        0
Hugepagesize:       2048 kB
DirectMap4k:       47104 kB
DirectMap2M:     3983360 kB


CPU:total 2 (2 cores per cpu, 1 threads per core) family 6 model 23 stepping 10, cmov, cx8, fxsr, mmx, sse, sse2, sse3, ssse3

Memory: 4k page, physical 3887304k(163716k free), swap 262140k(111296k free)

vm_info: OpenJDK 64-Bit Server VM (20.0-b12) for linux-amd64 JRE (1.6.0_24-b24), built on Apr 12 2012 23:58:42 by "buildd" with gcc 4.6.3

time: Sun May 12 09:00:06 2013
elapsed time: 602 seconds

