#
# A fatal error has been detected by the Java Runtime Environment:
#
#  SIGSEGV (0xb) at pc=0x00007f03c6237729, pid=15527, tid=139653810194176
#
# JRE version: 6.0_24-b24
# Java VM: OpenJDK 64-Bit Server VM (20.0-b12 mixed mode linux-amd64 compressed oops)
# Derivative: IcedTea6 1.11.1
# Distribution: Ubuntu precise (development branch), package 6b24-1.11.1-4ubuntu2
# Problematic frame:
# V  [libjvm.so+0x4fb729]  jvmti_IsMethodSynthetic+0x149
#
# If you would like to submit a bug report, please include
# instructions how to reproduce the bug and visit:
#   https://bugs.launchpad.net/ubuntu/+source/openjdk-6/
#

---------------  T H R E A D  ---------------

Current thread (0x00007f03c00a0000):  JavaThread "JDWP Transport Listener: dt_socket" daemon [_thread_in_vm, id=15542, stack(0x00007f03afaf8000,0x00007f03afbf9000)]

siginfo:si_signo=SIGSEGV: si_errno=0, si_code=128 (), si_addr=0x0000000000000000

Registers:
RAX=0x00007f03c68e2f2a, RBX=0x00007f03c00a0000, RCX=0x00007f03c74f92c0, RDX=0x00007f03c68ce7f0
RSP=0x00007f03afbf7a20, RBP=0x00007f03afbf7a80, RSI=0x00007f03c00a0000, RDI=0x00007f03c0005420
R8 =0x0000000000000018, R9 =0x000000000000000a, R10=0x0000000000000000, R11=0x00007f03c6c9bf90
R12=0x00007f03c0005420, R13=0x0093d000007f03a0, R14=0x00007f03afbf7aef, R15=0x0000000000000063
RIP=0x00007f03c6237729, EFLAGS=0x0000000000010202, CSGSFS=0x0000000000000033, ERR=0x0000000000000000
  TRAPNO=0x000000000000000d

Top of Stack: (sp=0x00007f03afbf7a20)
0x00007f03afbf7a20:   00007f03c00a0000 0000000000000000
0x00007f03afbf7a30:   00007f0300000000 0000000000000000
0x00007f03afbf7a40:   00007f03c00a0000 00007f03c4cc6986
0x00007f03afbf7a50:   00007f03afbf7ba0 00007f03afbf7aef
0x00007f03afbf7a60:   00007f03c4ee4e80 00007f03a000003b
0x00007f03afbf7a70:   0000000000000002 0000000000000001
0x00007f03afbf7a80:   00007f03afbf7ab0 00007f03c4cd0af0
0x00007f03afbf7a90:   00007f03afbf7ab0 00007f03afbf7ba0
0x00007f03afbf7aa0:   00007f03a000003b 0000000000000010
0x00007f03afbf7ab0:   00007f03afbf7b20 00007f03c4cb103c
0x00007f03afbf7ac0:   00007f03a000dc30 0000000000000000
0x00007f03afbf7ad0:   0000000000000000 0000000000000000
0x00007f03afbf7ae0:   00000003afbf7b00 00007f030000000a
0x00007f03afbf7af0:   000000000000000f 0000000000000002
0x00007f03afbf7b00:   000000000000000f 0000000000000000
0x00007f03afbf7b10:   0000000000000002 000000000000000f
0x00007f03afbf7b20:   00007f03afbf7d60 00007f03c4cbb630
0x00007f03afbf7b30:   0000132100000013 00007f03a00f0200
0x00007f03afbf7b40:   00007f0398000ba0 00007f03c62a4384
0x00007f03afbf7b50:   00007f0398000ba8 000000000000000b
0x00007f03afbf7b60:   0000132100000013 00007f03a00f0200
0x00007f03afbf7b70:   00007f0398000ba0 00007f03a00086c0
0x00007f03afbf7b80:   0000132100000013 00007f03a00f0200
0x00007f03afbf7b90:   00007f0398000ba0 00007f03c72ece18
0x00007f03afbf7ba0:   00007f03afbf7c4f 00007f03000000cd
0x00007f03afbf7bb0:   00007f03afbf7bb8 000000000000005f
0x00007f03afbf7bc0:   00007f03afbf7bf0 0000000000000000
0x00007f03afbf7bd0:   00007f0000000000 000013210000001c
0x00007f03afbf7be0:   0000000000000080 00007f03afbf7bf0
0x00007f03afbf7bf0:   037f000003000000 06000000300c00a0
0x00007f03afbf7c00:   00003e74696e693c 0000005629280300
0x00007f03afbf7c10:   7f00000100000000 000000b8bf00b403 

Instructions: (pc=0x00007f03c6237729)
0x00007f03c6237709:   ef ff ff e9 0d ff ff ff 4d 85 ed 74 a6 48 8b 05
0x00007f03c6237719:   a3 3b 68 00 80 38 00 74 4f 48 8b 15 1f 00 68 00
0x00007f03c6237729:   41 8b 45 08 8b 4a 08 48 d3 e0 48 03 02 48 8d 78
0x00007f03c6237739:   10 48 8b 40 10 ff 90 20 01 00 00 84 c0 0f 84 70 

Register to memory mapping:

RAX=0x00007f03c68e2f2a: <offset 0xba6f2a> in /usr/lib/jvm/java-6-openjdk-amd64/jre/lib/amd64/server/libjvm.so at 0x00007f03c5d3c000
RBX=0x00007f03c00a0000 is a thread
RCX=0x00007f03c74f92c0: <offset 0x2182c0> in /lib/x86_64-linux-gnu/libpthread.so.0 at 0x00007f03c72e1000
RDX=0x00007f03c68ce7f0: <offset 0xb927f0> in /usr/lib/jvm/java-6-openjdk-amd64/jre/lib/amd64/server/libjvm.so at 0x00007f03c5d3c000
RSP=0x00007f03afbf7a20 is pointing into the stack for thread: 0x00007f03c00a0000
RBP=0x00007f03afbf7a80 is pointing into the stack for thread: 0x00007f03c00a0000
RSI=0x00007f03c00a0000 is a thread
RDI=0x00007f03c0005420 is an unknown value
R8 =0x0000000000000018 is an unknown value
R9 =0x000000000000000a is an unknown value
R10=0x0000000000000000 is an unknown value
R11=0x00007f03c6c9bf90: <offset 0x180f90> in /lib/x86_64-linux-gnu/libc.so.6 at 0x00007f03c6b1b000
R12=0x00007f03c0005420 is an unknown value
R13=0x0093d000007f03a0 is an unknown value
R14=0x00007f03afbf7aef is pointing into the stack for thread: 0x00007f03c00a0000
R15=0x0000000000000063 is an unknown value


Stack: [0x00007f03afaf8000,0x00007f03afbf9000],  sp=0x00007f03afbf7a20,  free space=1022k
Native frames: (J=compiled Java code, j=interpreted, Vv=VM code, C=native code)
V  [libjvm.so+0x4fb729]  jvmti_IsMethodSynthetic+0x149
C  [libjdwp.so+0x26af0]  Agent_OnLoad+0x17da0
C  [libjdwp.so+0x703c]  __strcat_chk+0x703c
C  [libjdwp.so+0x11630]  Agent_OnLoad+0x28e0
C  [libjdwp.so+0x236fe]  Agent_OnLoad+0x149ae
V  [libjvm.so+0x565047]  JvmtiAgentThread::call_start_function()+0x97
V  [libjvm.so+0x74bd48]  JavaThread::thread_main_inner()+0x58
V  [libjvm.so+0x64bcb2]  java_start(Thread*)+0x112


---------------  P R O C E S S  ---------------

Java Threads: ( => current thread )
  0x00007f03c00ab000 JavaThread "Low Memory Detector" daemon [_thread_blocked, id=15551, stack(0x00007f03af5f3000,0x00007f03af6f4000)]
  0x00007f03c00a9000 JavaThread "C2 CompilerThread1" daemon [_thread_blocked, id=15550, stack(0x00007f03af6f4000,0x00007f03af7f5000)]
  0x00007f03c00a6000 JavaThread "C2 CompilerThread0" daemon [_thread_blocked, id=15549, stack(0x00007f03af7f5000,0x00007f03af8f6000)]
  0x00007f03a0001000 JavaThread "JDWP Command Reader" daemon [_thread_in_native, id=15546, stack(0x00007f03af8f6000,0x00007f03af9f7000)]
  0x00007f03c00a3800 JavaThread "JDWP Event Helper Thread" daemon [_thread_blocked, id=15545, stack(0x00007f03af9f7000,0x00007f03afaf8000)]
=>0x00007f03c00a0000 JavaThread "JDWP Transport Listener: dt_socket" daemon [_thread_in_vm, id=15542, stack(0x00007f03afaf8000,0x00007f03afbf9000)]
  0x00007f03c0088000 JavaThread "Signal Dispatcher" daemon [_thread_blocked, id=15540, stack(0x00007f03afdfe000,0x00007f03afeff000)]
  0x00007f03c0076800 JavaThread "Finalizer" daemon [_thread_blocked, id=15539, stack(0x00007f03afeff000,0x00007f03b0000000)]
  0x00007f03c0074800 JavaThread "Reference Handler" daemon [_thread_blocked, id=15538, stack(0x00007f03bc0ca000,0x00007f03bc1cb000)]
  0x00007f03c000a000 JavaThread "main" [_thread_blocked, id=15534, stack(0x00007f03c75f9000,0x00007f03c76fa000)]

Other Threads:
  0x00007f03c006e000 VMThread [stack: 0x00007f03bc1cb000,0x00007f03bc2cc000] [id=15537]
  0x00007f03c00ad800 WatcherThread [stack: 0x00007f03af4f2000,0x00007f03af5f3000] [id=15552]

VM state:not at safepoint (normal execution)

VM Mutex/Monitor currently owned by a thread: None

Heap
 PSYoungGen      total 17728K, used 1523K [0x00000000ec360000, 0x00000000ed720000, 0x0000000100000000)
  eden space 15232K, 10% used [0x00000000ec360000,0x00000000ec4dcdd0,0x00000000ed240000)
  from space 2496K, 0% used [0x00000000ed4b0000,0x00000000ed4b0000,0x00000000ed720000)
  to   space 2496K, 0% used [0x00000000ed240000,0x00000000ed240000,0x00000000ed4b0000)
 PSOldGen        total 40576K, used 0K [0x00000000c4a00000, 0x00000000c71a0000, 0x00000000ec360000)
  object space 40576K, 0% used [0x00000000c4a00000,0x00000000c4a00000,0x00000000c71a0000)
 PSPermGen       total 21248K, used 3932K [0x00000000ba400000, 0x00000000bb8c0000, 0x00000000c4a00000)
  object space 21248K, 18% used [0x00000000ba400000,0x00000000ba7d7078,0x00000000bb8c0000)

Code Cache  [0x00007f03bcbeb000, 0x00007f03bce5b000, 0x00007f03bfbeb000)
 total_blobs=177 nmethods=5 adapters=135 free_code_cache=49928512 largest_free_block=15488

Dynamic libraries:
00400000-00409000 r-xp 00000000 07:00 996562                             /usr/lib/jvm/java-6-openjdk-amd64/jre/bin/java
00608000-00609000 r--p 00008000 07:00 996562                             /usr/lib/jvm/java-6-openjdk-amd64/jre/bin/java
00609000-0060a000 rw-p 00009000 07:00 996562                             /usr/lib/jvm/java-6-openjdk-amd64/jre/bin/java
016f5000-01716000 rw-p 00000000 00:00 0                                  [heap]
ba400000-bb8c0000 rw-p 00000000 00:00 0 
bb8c0000-c4a00000 rw-p 00000000 00:00 0 
c4a00000-c71a0000 rw-p 00000000 00:00 0 
c71a0000-ec360000 rw-p 00000000 00:00 0 
ec360000-ed720000 rw-p 00000000 00:00 0 
ed720000-100000000 rw-p 00000000 00:00 0 
7f037c000000-7f037c055000 rw-p 00000000 00:00 0 
7f037c055000-7f0380000000 ---p 00000000 00:00 0 
7f0384000000-7f0384021000 rw-p 00000000 00:00 0 
7f0384021000-7f0388000000 ---p 00000000 00:00 0 
7f0388000000-7f0388021000 rw-p 00000000 00:00 0 
7f0388021000-7f038c000000 ---p 00000000 00:00 0 
7f038c000000-7f038c22d000 rw-p 00000000 00:00 0 
7f038c22d000-7f0390000000 ---p 00000000 00:00 0 
7f0390000000-7f03901c5000 rw-p 00000000 00:00 0 
7f03901c5000-7f0394000000 ---p 00000000 00:00 0 
7f0394000000-7f0394021000 rw-p 00000000 00:00 0 
7f0394021000-7f0398000000 ---p 00000000 00:00 0 
7f0398000000-7f0398021000 rw-p 00000000 00:00 0 
7f0398021000-7f039c000000 ---p 00000000 00:00 0 
7f039c000000-7f039c021000 rw-p 00000000 00:00 0 
7f039c021000-7f03a0000000 ---p 00000000 00:00 0 
7f03a0000000-7f03a003b000 rw-p 00000000 00:00 0 
7f03a003b000-7f03a4000000 ---p 00000000 00:00 0 
7f03a4000000-7f03a4021000 rw-p 00000000 00:00 0 
7f03a4021000-7f03a8000000 ---p 00000000 00:00 0 
7f03a8000000-7f03a8021000 rw-p 00000000 00:00 0 
7f03a8021000-7f03ac000000 ---p 00000000 00:00 0 
7f03af3f1000-7f03af3f4000 ---p 00000000 00:00 0 
7f03af3f4000-7f03af4f2000 rw-p 00000000 00:00 0 
7f03af4f2000-7f03af4f3000 ---p 00000000 00:00 0 
7f03af4f3000-7f03af5f3000 rw-p 00000000 00:00 0 
7f03af5f3000-7f03af5f6000 ---p 00000000 00:00 0 
7f03af5f6000-7f03af6f4000 rw-p 00000000 00:00 0 
7f03af6f4000-7f03af6f7000 ---p 00000000 00:00 0 
7f03af6f7000-7f03af7f5000 rw-p 00000000 00:00 0 
7f03af7f5000-7f03af7f8000 ---p 00000000 00:00 0 
7f03af7f8000-7f03af8f6000 rw-p 00000000 00:00 0 
7f03af8f6000-7f03af8f9000 ---p 00000000 00:00 0 
7f03af8f9000-7f03af9f7000 rw-p 00000000 00:00 0 
7f03af9f7000-7f03af9fa000 ---p 00000000 00:00 0 
7f03af9fa000-7f03afaf8000 rw-p 00000000 00:00 0 
7f03afaf8000-7f03afafb000 ---p 00000000 00:00 0 
7f03afafb000-7f03afbf9000 rw-p 00000000 00:00 0 
7f03afbf9000-7f03afbfd000 r-xp 00000000 07:00 996634                     /usr/lib/jvm/java-6-openjdk-amd64/jre/lib/amd64/libdt_socket.so
7f03afbfd000-7f03afdfc000 ---p 00004000 07:00 996634                     /usr/lib/jvm/java-6-openjdk-amd64/jre/lib/amd64/libdt_socket.so
7f03afdfc000-7f03afdfd000 r--p 00003000 07:00 996634                     /usr/lib/jvm/java-6-openjdk-amd64/jre/lib/amd64/libdt_socket.so
7f03afdfd000-7f03afdfe000 rw-p 00004000 07:00 996634                     /usr/lib/jvm/java-6-openjdk-amd64/jre/lib/amd64/libdt_socket.so
7f03afdfe000-7f03afe01000 ---p 00000000 00:00 0 
7f03afe01000-7f03afeff000 rw-p 00000000 00:00 0 
7f03afeff000-7f03aff02000 ---p 00000000 00:00 0 
7f03aff02000-7f03b0000000 rw-p 00000000 00:00 0 
7f03b0000000-7f03b0021000 rw-p 00000000 00:00 0 
7f03b0021000-7f03b4000000 ---p 00000000 00:00 0 
7f03b4000000-7f03b4021000 rw-p 00000000 00:00 0 
7f03b4021000-7f03b8000000 ---p 00000000 00:00 0 
7f03b8000000-7f03b8021000 rw-p 00000000 00:00 0 
7f03b8021000-7f03bc000000 ---p 00000000 00:00 0 
7f03bc0ca000-7f03bc0cd000 ---p 00000000 00:00 0 
7f03bc0cd000-7f03bc1cb000 rw-p 00000000 00:00 0 
7f03bc1cb000-7f03bc1cc000 ---p 00000000 00:00 0 
7f03bc1cc000-7f03bc602000 rw-p 00000000 00:00 0 
7f03bc602000-7f03bc792000 r--s 037ba000 07:00 996595                     /usr/lib/jvm/java-6-openjdk-amd64/jre/lib/rt.jar
7f03bc792000-7f03bc7ba000 rw-p 00000000 00:00 0 
7f03bc7ba000-7f03bc7bb000 ---p 00000000 00:00 0 
7f03bc7bb000-7f03bc8bb000 rw-p 00000000 00:00 0 
7f03bc8bb000-7f03bc8bc000 ---p 00000000 00:00 0 
7f03bc8bc000-7f03bc9c7000 rw-p 00000000 00:00 0 
7f03bc9c7000-7f03bca0f000 rw-p 00000000 00:00 0 
7f03bca0f000-7f03bca23000 rw-p 00000000 00:00 0 
7f03bca23000-7f03bcb4b000 rw-p 00000000 00:00 0 
7f03bcb4b000-7f03bcb56000 rw-p 00000000 00:00 0 
7f03bcb56000-7f03bcbea000 rw-p 00000000 00:00 0 
7f03bcbea000-7f03bcbeb000 rw-p 00000000 00:00 0 
7f03bcbeb000-7f03bce5b000 rwxp 00000000 00:00 0 
7f03bce5b000-7f03bfbeb000 rw-p 00000000 00:00 0 
7f03bfbeb000-7f03bfbf2000 r-xp 00000000 07:00 996609                     /usr/lib/jvm/java-6-openjdk-amd64/jre/lib/amd64/libzip.so
7f03bfbf2000-7f03bfdf1000 ---p 00007000 07:00 996609                     /usr/lib/jvm/java-6-openjdk-amd64/jre/lib/amd64/libzip.so
7f03bfdf1000-7f03bfdf2000 r--p 00006000 07:00 996609                     /usr/lib/jvm/java-6-openjdk-amd64/jre/lib/amd64/libzip.so
7f03bfdf2000-7f03bfdf3000 rw-p 00007000 07:00 996609                     /usr/lib/jvm/java-6-openjdk-amd64/jre/lib/amd64/libzip.so
7f03bfdf3000-7f03bfdff000 r-xp 00000000 07:00 206018                     /lib/x86_64-linux-gnu/libnss_files-2.15.so
7f03bfdff000-7f03bfffe000 ---p 0000c000 07:00 206018                     /lib/x86_64-linux-gnu/libnss_files-2.15.so
7f03bfffe000-7f03bffff000 r--p 0000b000 07:00 206018                     /lib/x86_64-linux-gnu/libnss_files-2.15.so
7f03bffff000-7f03c0000000 rw-p 0000c000 07:00 206018                     /lib/x86_64-linux-gnu/libnss_files-2.15.so
7f03c0000000-7f03c0101000 rw-p 00000000 00:00 0 
7f03c0101000-7f03c4000000 ---p 00000000 00:00 0 
7f03c4018000-7f03c401e000 r--s 0007f000 08:03 683244                     /host/Users/mawandm/Documents/Projects/kiboel/lib/mysql-connector-java-5.0.8-bin.jar
7f03c401e000-7f03c4029000 rw-p 00000000 00:00 0 
7f03c4029000-7f03c4071000 rw-p 00000000 00:00 0 
7f03c4071000-7f03c4085000 rw-p 00000000 00:00 0 
7f03c4085000-7f03c41ae000 rw-p 00000000 00:00 0 
7f03c41ae000-7f03c41b8000 r-xp 00000000 07:00 206023                     /lib/x86_64-linux-gnu/libnss_nis-2.15.so
7f03c41b8000-7f03c43b8000 ---p 0000a000 07:00 206023                     /lib/x86_64-linux-gnu/libnss_nis-2.15.so
7f03c43b8000-7f03c43b9000 r--p 0000a000 07:00 206023                     /lib/x86_64-linux-gnu/libnss_nis-2.15.so
7f03c43b9000-7f03c43ba000 rw-p 0000b000 07:00 206023                     /lib/x86_64-linux-gnu/libnss_nis-2.15.so
7f03c43ba000-7f03c43d1000 r-xp 00000000 07:00 205926                     /lib/x86_64-linux-gnu/libnsl-2.15.so
7f03c43d1000-7f03c45d0000 ---p 00017000 07:00 205926                     /lib/x86_64-linux-gnu/libnsl-2.15.so
7f03c45d0000-7f03c45d1000 r--p 00016000 07:00 205926                     /lib/x86_64-linux-gnu/libnsl-2.15.so
7f03c45d1000-7f03c45d2000 rw-p 00017000 07:00 205926                     /lib/x86_64-linux-gnu/libnsl-2.15.so
7f03c45d2000-7f03c45d4000 rw-p 00000000 00:00 0 
7f03c45d4000-7f03c45dc000 r-xp 00000000 07:00 205866                     /lib/x86_64-linux-gnu/libnss_compat-2.15.so
7f03c45dc000-7f03c47db000 ---p 00008000 07:00 205866                     /lib/x86_64-linux-gnu/libnss_compat-2.15.so
7f03c47db000-7f03c47dc000 r--p 00007000 07:00 205866                     /lib/x86_64-linux-gnu/libnss_compat-2.15.so
7f03c47dc000-7f03c47dd000 rw-p 00008000 07:00 205866                     /lib/x86_64-linux-gnu/libnss_compat-2.15.so
7f03c47dd000-7f03c4aa6000 r--p 00000000 07:00 1788929                    /usr/lib/locale/locale-archive
7f03c4aa6000-7f03c4aa9000 r-xp 00000000 07:00 996603                     /usr/lib/jvm/java-6-openjdk-amd64/jre/lib/amd64/libnpt.so
7f03c4aa9000-7f03c4ca8000 ---p 00003000 07:00 996603                     /usr/lib/jvm/java-6-openjdk-amd64/jre/lib/amd64/libnpt.so
7f03c4ca8000-7f03c4ca9000 r--p 00002000 07:00 996603                     /usr/lib/jvm/java-6-openjdk-amd64/jre/lib/amd64/libnpt.so
7f03c4ca9000-7f03c4caa000 rw-p 00003000 07:00 996603                     /usr/lib/jvm/java-6-openjdk-amd64/jre/lib/amd64/libnpt.so
7f03c4caa000-7f03c4ce4000 r-xp 00000000 07:00 996635                     /usr/lib/jvm/java-6-openjdk-amd64/jre/lib/amd64/libjdwp.so
7f03c4ce4000-7f03c4ee3000 ---p 0003a000 07:00 996635                     /usr/lib/jvm/java-6-openjdk-amd64/jre/lib/amd64/libjdwp.so
7f03c4ee3000-7f03c4ee4000 r--p 00039000 07:00 996635                     /usr/lib/jvm/java-6-openjdk-amd64/jre/lib/amd64/libjdwp.so
7f03c4ee4000-7f03c4ee5000 rw-p 0003a000 07:00 996635                     /usr/lib/jvm/java-6-openjdk-amd64/jre/lib/amd64/libjdwp.so
7f03c4ee5000-7f03c4f11000 r-xp 00000000 07:00 996604                     /usr/lib/jvm/java-6-openjdk-amd64/jre/lib/amd64/libjava.so
7f03c4f11000-7f03c5110000 ---p 0002c000 07:00 996604                     /usr/lib/jvm/java-6-openjdk-amd64/jre/lib/amd64/libjava.so
7f03c5110000-7f03c5111000 r--p 0002b000 07:00 996604                     /usr/lib/jvm/java-6-openjdk-amd64/jre/lib/amd64/libjava.so
7f03c5111000-7f03c5114000 rw-p 0002c000 07:00 996604                     /usr/lib/jvm/java-6-openjdk-amd64/jre/lib/amd64/libjava.so
7f03c5114000-7f03c5122000 r-xp 00000000 07:00 996629                     /usr/lib/jvm/java-6-openjdk-amd64/jre/lib/amd64/libverify.so
7f03c5122000-7f03c5321000 ---p 0000e000 07:00 996629                     /usr/lib/jvm/java-6-openjdk-amd64/jre/lib/amd64/libverify.so
7f03c5321000-7f03c5323000 r--p 0000d000 07:00 996629                     /usr/lib/jvm/java-6-openjdk-amd64/jre/lib/amd64/libverify.so
7f03c5323000-7f03c5324000 rw-p 0000f000 07:00 996629                     /usr/lib/jvm/java-6-openjdk-amd64/jre/lib/amd64/libverify.so
7f03c5324000-7f03c532b000 r-xp 00000000 07:00 205890                     /lib/x86_64-linux-gnu/librt-2.15.so
7f03c532b000-7f03c552a000 ---p 00007000 07:00 205890                     /lib/x86_64-linux-gnu/librt-2.15.so
7f03c552a000-7f03c552b000 r--p 00006000 07:00 205890                     /lib/x86_64-linux-gnu/librt-2.15.so
7f03c552b000-7f03c552c000 rw-p 00007000 07:00 205890                     /lib/x86_64-linux-gnu/librt-2.15.so
7f03c552c000-7f03c5541000 r-xp 00000000 07:00 205899                     /lib/x86_64-linux-gnu/libgcc_s.so.1
7f03c5541000-7f03c5740000 ---p 00015000 07:00 205899                     /lib/x86_64-linux-gnu/libgcc_s.so.1
7f03c5740000-7f03c5741000 r--p 00014000 07:00 205899                     /lib/x86_64-linux-gnu/libgcc_s.so.1
7f03c5741000-7f03c5742000 rw-p 00015000 07:00 205899                     /lib/x86_64-linux-gnu/libgcc_s.so.1
7f03c5742000-7f03c583b000 r-xp 00000000 07:00 205902                     /lib/x86_64-linux-gnu/libm-2.15.so
7f03c583b000-7f03c5a3a000 ---p 000f9000 07:00 205902                     /lib/x86_64-linux-gnu/libm-2.15.so
7f03c5a3a000-7f03c5a3b000 r--p 000f8000 07:00 205902                     /lib/x86_64-linux-gnu/libm-2.15.so
7f03c5a3b000-7f03c5a3c000 rw-p 000f9000 07:00 205902                     /lib/x86_64-linux-gnu/libm-2.15.so
7f03c5a3c000-7f03c5b1e000 r-xp 00000000 07:00 164551                     /usr/lib/x86_64-linux-gnu/libstdc++.so.6.0.16
7f03c5b1e000-7f03c5d1d000 ---p 000e2000 07:00 164551                     /usr/lib/x86_64-linux-gnu/libstdc++.so.6.0.16
7f03c5d1d000-7f03c5d25000 r--p 000e1000 07:00 164551                     /usr/lib/x86_64-linux-gnu/libstdc++.so.6.0.16
7f03c5d25000-7f03c5d27000 rw-p 000e9000 07:00 164551                     /usr/lib/x86_64-linux-gnu/libstdc++.so.6.0.16
7f03c5d27000-7f03c5d3c000 rw-p 00000000 00:00 0 
7f03c5d3c000-7f03c6640000 r-xp 00000000 07:00 996620                     /usr/lib/jvm/java-6-openjdk-amd64/jre/lib/amd64/server/libjvm.so
7f03c6640000-7f03c683f000 ---p 00904000 07:00 996620                     /usr/lib/jvm/java-6-openjdk-amd64/jre/lib/amd64/server/libjvm.so
7f03c683f000-7f03c68c0000 r--p 00903000 07:00 996620                     /usr/lib/jvm/java-6-openjdk-amd64/jre/lib/amd64/server/libjvm.so
7f03c68c0000-7f03c68db000 rw-p 00984000 07:00 996620                     /usr/lib/jvm/java-6-openjdk-amd64/jre/lib/amd64/server/libjvm.so
7f03c68db000-7f03c6904000 rw-p 00000000 00:00 0 
7f03c6904000-7f03c691a000 r-xp 00000000 07:00 205925                     /lib/x86_64-linux-gnu/libz.so.1.2.3.4
7f03c691a000-7f03c6b19000 ---p 00016000 07:00 205925                     /lib/x86_64-linux-gnu/libz.so.1.2.3.4
7f03c6b19000-7f03c6b1a000 r--p 00015000 07:00 205925                     /lib/x86_64-linux-gnu/libz.so.1.2.3.4
7f03c6b1a000-7f03c6b1b000 rw-p 00016000 07:00 205925                     /lib/x86_64-linux-gnu/libz.so.1.2.3.4
7f03c6b1b000-7f03c6cce000 r-xp 00000000 07:00 206039                     /lib/x86_64-linux-gnu/libc-2.15.so
7f03c6cce000-7f03c6ecd000 ---p 001b3000 07:00 206039                     /lib/x86_64-linux-gnu/libc-2.15.so
7f03c6ecd000-7f03c6ed1000 r--p 001b2000 07:00 206039                     /lib/x86_64-linux-gnu/libc-2.15.so
7f03c6ed1000-7f03c6ed3000 rw-p 001b6000 07:00 206039                     /lib/x86_64-linux-gnu/libc-2.15.so
7f03c6ed3000-7f03c6ed8000 rw-p 00000000 00:00 0 
7f03c6ed8000-7f03c6eda000 r-xp 00000000 07:00 205953                     /lib/x86_64-linux-gnu/libdl-2.15.so
7f03c6eda000-7f03c70da000 ---p 00002000 07:00 205953                     /lib/x86_64-linux-gnu/libdl-2.15.so
7f03c70da000-7f03c70db000 r--p 00002000 07:00 205953                     /lib/x86_64-linux-gnu/libdl-2.15.so
7f03c70db000-7f03c70dc000 rw-p 00003000 07:00 205953                     /lib/x86_64-linux-gnu/libdl-2.15.so
7f03c70dc000-7f03c70e0000 r-xp 00000000 07:00 996613                     /usr/lib/jvm/java-6-openjdk-amd64/jre/lib/amd64/jli/libjli.so
7f03c70e0000-7f03c72df000 ---p 00004000 07:00 996613                     /usr/lib/jvm/java-6-openjdk-amd64/jre/lib/amd64/jli/libjli.so
7f03c72df000-7f03c72e0000 r--p 00003000 07:00 996613                     /usr/lib/jvm/java-6-openjdk-amd64/jre/lib/amd64/jli/libjli.so
7f03c72e0000-7f03c72e1000 rw-p 00004000 07:00 996613                     /usr/lib/jvm/java-6-openjdk-amd64/jre/lib/amd64/jli/libjli.so
7f03c72e1000-7f03c72f9000 r-xp 00000000 07:00 205900                     /lib/x86_64-linux-gnu/libpthread-2.15.so
7f03c72f9000-7f03c74f8000 ---p 00018000 07:00 205900                     /lib/x86_64-linux-gnu/libpthread-2.15.so
7f03c74f8000-7f03c74f9000 r--p 00017000 07:00 205900                     /lib/x86_64-linux-gnu/libpthread-2.15.so
7f03c74f9000-7f03c74fa000 rw-p 00018000 07:00 205900                     /lib/x86_64-linux-gnu/libpthread-2.15.so
7f03c74fa000-7f03c74fe000 rw-p 00000000 00:00 0 
7f03c74fe000-7f03c7520000 r-xp 00000000 07:00 205873                     /lib/x86_64-linux-gnu/ld-2.15.so
7f03c7525000-7f03c7539000 r--s 001bd000 07:00 997382                     /usr/lib/jvm/java-6-openjdk-amd64/jre/lib/ext/jai_core.jar
7f03c7539000-7f03c7543000 rw-p 00000000 00:00 0 
7f03c7543000-7f03c75f9000 rw-p 00000000 00:00 0 
7f03c75f9000-7f03c75fc000 ---p 00000000 00:00 0 
7f03c75fc000-7f03c76ff000 rw-p 00000000 00:00 0 
7f03c7701000-7f03c7708000 r--s 000fb000 07:00 992424                     /usr/lib/jvm/java-6-openjdk-common/jre/lib/resources.jar
7f03c7708000-7f03c7709000 r--s 00007000 07:00 250303                     /usr/share/java/java-atk-wrapper.jar
7f03c7709000-7f03c770b000 r--s 0000f000 07:00 993393                     /usr/lib/jvm/java-6-openjdk-common/jre/lib/ext/pulse-java.jar
7f03c770b000-7f03c770f000 r--s 0003c000 07:00 997383                     /usr/lib/jvm/java-6-openjdk-amd64/jre/lib/ext/jai_codec.jar
7f03c770f000-7f03c7711000 r--s 0000a000 07:00 997384                     /usr/lib/jvm/java-6-openjdk-amd64/jre/lib/ext/mlibwrapper_jai.jar
7f03c7711000-7f03c7714000 r--s 00031000 07:00 993392                     /usr/lib/jvm/java-6-openjdk-common/jre/lib/ext/sunjce_provider.jar
7f03c7714000-7f03c771c000 rw-s 00000000 07:00 3613716                    /tmp/hsperfdata_mawandm/15527
7f03c771c000-7f03c771d000 rw-p 00000000 00:00 0 
7f03c771d000-7f03c771e000 r--p 00000000 00:00 0 
7f03c771e000-7f03c7720000 rw-p 00000000 00:00 0 
7f03c7720000-7f03c7721000 r--p 00022000 07:00 205873                     /lib/x86_64-linux-gnu/ld-2.15.so
7f03c7721000-7f03c7723000 rw-p 00023000 07:00 205873                     /lib/x86_64-linux-gnu/ld-2.15.so
7ffff92c1000-7ffff92e2000 rw-p 00000000 00:00 0                          [stack]
7ffff93f8000-7ffff93f9000 r-xp 00000000 00:00 0                          [vdso]
ffffffffff600000-ffffffffff601000 r-xp 00000000 00:00 0                  [vsyscall]

VM Arguments:
jvm_args: -agentlib:jdwp=transport=dt_socket,suspend=y,address=localhost:50105 -Ddebug -Dfile.encoding=UTF-8 
java_command: org.kiboel.Main
Launcher Type: SUN_STANDARD

Environment Variables:
JAVA_HOME=/usr
PATH=/home/mawandm/bin:/usr/lib/lightdm/lightdm:/usr/local/sbin:/usr/local/bin:/usr/sbin:/usr/bin:/sbin:/bin:/usr/games
LD_LIBRARY_PATH=/usr/lib/jvm/java-6-openjdk-amd64/jre/lib/amd64/server:/usr/lib/jvm/java-6-openjdk-amd64/jre/lib/amd64:/usr/lib/jvm/java-6-openjdk-amd64/jre/../lib/amd64
SHELL=/bin/bash
DISPLAY=:0

Signal Handlers:
SIGSEGV: [libjvm.so+0x783f70], sa_mask[0]=0x7ffbfeff, sa_flags=0x10000004
SIGBUS: [libjvm.so+0x783f70], sa_mask[0]=0x7ffbfeff, sa_flags=0x10000004
SIGFPE: [libjvm.so+0x648640], sa_mask[0]=0x7ffbfeff, sa_flags=0x10000004
SIGPIPE: [libjvm.so+0x648640], sa_mask[0]=0x7ffbfeff, sa_flags=0x10000004
SIGXFSZ: [libjvm.so+0x648640], sa_mask[0]=0x7ffbfeff, sa_flags=0x10000004
SIGILL: [libjvm.so+0x648640], sa_mask[0]=0x7ffbfeff, sa_flags=0x10000004
SIGUSR1: SIG_DFL, sa_mask[0]=0x00000000, sa_flags=0x00000000
SIGUSR2: [libjvm.so+0x6487f0], sa_mask[0]=0x00000004, sa_flags=0x10000004
SIGHUP: [libjvm.so+0x64b310], sa_mask[0]=0x7ffbfeff, sa_flags=0x10000004
SIGINT: [libjvm.so+0x64b310], sa_mask[0]=0x7ffbfeff, sa_flags=0x10000004
SIGTERM: [libjvm.so+0x64b310], sa_mask[0]=0x7ffbfeff, sa_flags=0x10000004
SIGQUIT: [libjvm.so+0x64b310], sa_mask[0]=0x7ffbfeff, sa_flags=0x10000004


---------------  S Y S T E M  ---------------

OS:Ubuntu 12.04 (precise)
uname:Linux 3.2.0-23-generic #36-Ubuntu SMP Tue Apr 10 20:39:51 UTC 2012 x86_64
libc:glibc 2.15 NPTL 2.15 
rlimit: STACK 8192k, CORE 0k, NPROC 30232, NOFILE 4096, AS infinity
load average:2.29 1.18 0.85

/proc/meminfo:
MemTotal:        3887304 kB
MemFree:          146608 kB
Buffers:          494112 kB
Cached:           678364 kB
SwapCached:         6496 kB
Active:          2246764 kB
Inactive:        1179328 kB
Active(anon):    1794652 kB
Inactive(anon):   670888 kB
Active(file):     452112 kB
Inactive(file):   508440 kB
Unevictable:        2704 kB
Mlocked:              36 kB
SwapTotal:        262140 kB
SwapFree:         111296 kB
Dirty:              2544 kB
Writeback:             0 kB
AnonPages:       2250092 kB
Mapped:            97816 kB
Shmem:            209220 kB
Slab:             192772 kB
SReclaimable:     132232 kB
SUnreclaim:        60540 kB
KernelStack:        5304 kB
PageTables:        46632 kB
NFS_Unstable:          0 kB
Bounce:                0 kB
WritebackTmp:          0 kB
CommitLimit:     2205792 kB
Committed_AS:    6328916 kB
VmallocTotal:   34359738367 kB
VmallocUsed:      555292 kB
VmallocChunk:   34359113552 kB
HardwareCorrupted:     0 kB
AnonHugePages:         0 kB
HugePages_Total:       0
HugePages_Free:        0
HugePages_Rsvd:        0
HugePages_Surp:        0
Hugepagesize:       2048 kB
DirectMap4k:       47104 kB
DirectMap2M:     3983360 kB


CPU:total 2 (2 cores per cpu, 1 threads per core) family 6 model 23 stepping 10, cmov, cx8, fxsr, mmx, sse, sse2, sse3, ssse3

Memory: 4k page, physical 3887304k(146608k free), swap 262140k(111296k free)

vm_info: OpenJDK 64-Bit Server VM (20.0-b12) for linux-amd64 JRE (1.6.0_24-b24), built on Apr 12 2012 23:58:42 by "buildd" with gcc 4.6.3

time: Sun May 12 09:00:05 2013
elapsed time: 26297 seconds

